<?xml version="1.0" encoding="UTF-8"?>
<testng-results ignored="0" total="1" passed="1" failed="0" skipped="0">
  <reporter-output>
  </reporter-output>
  <suite started-at="2023-03-03T18:11:04 IST" name="Default suite" finished-at="2023-03-03T18:11:15 IST" duration-ms="11422">
    <groups>
    </groups>
    <test started-at="2023-03-03T18:11:04 IST" name="Default test" finished-at="2023-03-03T18:11:15 IST" duration-ms="11422">
      <class name="practise.Parameters">
        <test-method signature="method()[pri:0, instance:practise.Parameters@a530d0a]" started-at="2023-03-03T18:11:04 IST" name="method" finished-at="2023-03-03T18:11:15 IST" duration-ms="11291" status="PASS">
          <reporter-output>
          </reporter-output>
        </test-method> <!-- method -->
      </class> <!-- practise.Parameters -->
    </test> <!-- Default test -->
  </suite> <!-- Default suite -->
</testng-results>
